<?xml version="1.0" encoding="UTF-8"?>
<!-- Generated by org.testng.reporters.JUnitXMLReporter -->
<testsuite ignored="0" hostname="Pragti" failures="0" tests="5" name="Test" time="72.645" errors="0" timestamp="2024-03-18T15:46:00 IST">
  <testcase classname="testngxml.KeyboardactionTest" name="fTest" time="9.281"/>
  <testcase classname="testngxml.Keyboardaction1Test" name="geeTest" time="0.028"/>
  <testcase classname="testngxml.Keyboardaction2Test" name="fTest" time="6.626"/>
  <testcase classname="testngxml.Keyboardaction4Test" name="fTest" time="0.41"/>
  <testcase classname="testngxml.Keyboardaction3Test" name="fTest" time="0.45"/>
</testsuite> <!-- Test -->
