<?xml version="1.0" encoding="UTF-8"?>
<!-- Generated by org.testng.reporters.JUnitXMLReporter -->
<testsuite ignored="0" hostname="Pragti" failures="0" tests="5" name="Test" time="97.518" errors="0" timestamp="2024-08-06T19:59:29 IST">
  <testcase classname="testngxml.KeyboardactionTest" name="fTest" time="9.882"/>
  <testcase classname="testngxml.Keyboardaction1Test" name="geeTest" time="0.027"/>
  <testcase classname="testngxml.Keyboardaction2Test" name="fTest" time="6.719"/>
  <testcase classname="testngxml.Keyboardaction4Test" name="fTest" time="0.404"/>
  <testcase classname="testngxml.Keyboardaction3Test" name="fTest" time="4.712"/>
</testsuite> <!-- Test -->
