<?xml version="1.0" encoding="UTF-8"?>
<testng-results ignored="0" total="1" passed="1" failed="0" skipped="0">
  <reporter-output>
  </reporter-output>
  <suite started-at="2024-08-14T11:58:13 IST" name="Default suite" finished-at="2024-08-14T11:58:13 IST" duration-ms="103">
    <groups>
    </groups>
    <test started-at="2024-08-14T11:58:13 IST" name="Default test" finished-at="2024-08-14T11:58:13 IST" duration-ms="103">
      <class name="testngxml.NewTest">
        <test-method signature="fTest()[pri:0, instance:testngxml.NewTest@60099951]" started-at="2024-08-14T11:58:13 IST" name="fTest" finished-at="2024-08-14T11:58:13 IST" duration-ms="19" status="PASS">
          <reporter-output>
          </reporter-output>
        </test-method> <!-- fTest -->
      </class> <!-- testngxml.NewTest -->
    </test> <!-- Default test -->
  </suite> <!-- Default suite -->
</testng-results>
