<?xml version="1.0" encoding="UTF-8"?>
<testng-results ignored="0" total="5" passed="5" failed="0" skipped="0">
  <reporter-output>
  </reporter-output>
  <suite started-at="2024-03-18T15:44:48 IST" name="Suite" finished-at="2024-03-18T15:46:00 IST" duration-ms="72645">
    <groups>
    </groups>
    <test started-at="2024-03-18T15:44:48 IST" name="Test" finished-at="2024-03-18T15:46:00 IST" duration-ms="72645">
      <class name="testngxml.Keyboardaction1Test">
        <test-method is-config="true" signature="beforeClass()[pri:0, instance:testngxml.Keyboardaction1Test@548d708a]" started-at="2024-03-18T15:45:07 IST" name="beforeClass" finished-at="2024-03-18T15:45:36 IST" duration-ms="29817" status="PASS">
          <reporter-output>
          </reporter-output>
        </test-method> <!-- beforeClass -->
        <test-method signature="geeTest()[pri:0, instance:testngxml.Keyboardaction1Test@548d708a]" started-at="2024-03-18T15:45:37 IST" name="geeTest" finished-at="2024-03-18T15:45:37 IST" duration-ms="28" status="PASS">
          <reporter-output>
          </reporter-output>
        </test-method> <!-- geeTest -->
        <test-method is-config="true" signature="afterClass()[pri:0, instance:testngxml.Keyboardaction1Test@548d708a]" started-at="2024-03-18T15:45:37 IST" name="afterClass" finished-at="2024-03-18T15:45:37 IST" duration-ms="1" status="PASS">
          <reporter-output>
          </reporter-output>
        </test-method> <!-- afterClass -->
      </class> <!-- testngxml.Keyboardaction1Test -->
      <class name="testngxml.Keyboardaction3Test">
        <test-method is-config="true" signature="beforeClass()[pri:0, instance:testngxml.Keyboardaction3Test@cb0755b]" started-at="2024-03-18T15:45:55 IST" name="beforeClass" finished-at="2024-03-18T15:45:59 IST" duration-ms="4234" status="PASS">
          <reporter-output>
          </reporter-output>
        </test-method> <!-- beforeClass -->
        <test-method signature="fTest()[pri:0, instance:testngxml.Keyboardaction3Test@cb0755b]" started-at="2024-03-18T15:45:59 IST" name="fTest" finished-at="2024-03-18T15:46:00 IST" duration-ms="450" status="PASS">
          <reporter-output>
          </reporter-output>
        </test-method> <!-- fTest -->
        <test-method is-config="true" signature="afterClass()[pri:0, instance:testngxml.Keyboardaction3Test@cb0755b]" started-at="2024-03-18T15:46:00 IST" name="afterClass" finished-at="2024-03-18T15:46:00 IST" duration-ms="390" status="PASS">
          <reporter-output>
          </reporter-output>
        </test-method> <!-- afterClass -->
      </class> <!-- testngxml.Keyboardaction3Test -->
      <class name="testngxml.Keyboardaction2Test">
        <test-method is-config="true" signature="beforeClass()[pri:0, instance:testngxml.Keyboardaction2Test@4b013c76]" started-at="2024-03-18T15:45:37 IST" name="beforeClass" finished-at="2024-03-18T15:45:42 IST" duration-ms="5502" status="PASS">
          <reporter-output>
          </reporter-output>
        </test-method> <!-- beforeClass -->
        <test-method signature="fTest()[pri:0, instance:testngxml.Keyboardaction2Test@4b013c76]" started-at="2024-03-18T15:45:42 IST" name="fTest" finished-at="2024-03-18T15:45:49 IST" duration-ms="6626" status="PASS">
          <reporter-output>
          </reporter-output>
        </test-method> <!-- fTest -->
        <test-method is-config="true" signature="afterClass()[pri:0, instance:testngxml.Keyboardaction2Test@4b013c76]" started-at="2024-03-18T15:45:49 IST" name="afterClass" finished-at="2024-03-18T15:45:49 IST" duration-ms="374" status="PASS">
          <reporter-output>
          </reporter-output>
        </test-method> <!-- afterClass -->
      </class> <!-- testngxml.Keyboardaction2Test -->
      <class name="testngxml.Keyboardaction4Test">
        <test-method is-config="true" signature="beforeClass()[pri:0, instance:testngxml.Keyboardaction4Test@53fb3dab]" started-at="2024-03-18T15:45:49 IST" name="beforeClass" finished-at="2024-03-18T15:45:54 IST" duration-ms="5178" status="PASS">
          <reporter-output>
          </reporter-output>
        </test-method> <!-- beforeClass -->
        <test-method signature="fTest()[pri:0, instance:testngxml.Keyboardaction4Test@53fb3dab]" started-at="2024-03-18T15:45:54 IST" name="fTest" finished-at="2024-03-18T15:45:55 IST" duration-ms="410" status="PASS">
          <reporter-output>
          </reporter-output>
        </test-method> <!-- fTest -->
        <test-method is-config="true" signature="afterClass()[pri:0, instance:testngxml.Keyboardaction4Test@53fb3dab]" started-at="2024-03-18T15:45:55 IST" name="afterClass" finished-at="2024-03-18T15:45:55 IST" duration-ms="449" status="PASS">
          <reporter-output>
          </reporter-output>
        </test-method> <!-- afterClass -->
      </class> <!-- testngxml.Keyboardaction4Test -->
      <class name="testngxml.KeyboardactionTest">
        <test-method is-config="true" signature="beforeClass()[pri:0, instance:testngxml.KeyboardactionTest@1cf6d1be]" started-at="2024-03-18T15:44:48 IST" name="beforeClass" finished-at="2024-03-18T15:44:56 IST" duration-ms="8400" status="PASS">
          <reporter-output>
          </reporter-output>
        </test-method> <!-- beforeClass -->
        <test-method signature="fTest()[pri:0, instance:testngxml.KeyboardactionTest@1cf6d1be]" started-at="2024-03-18T15:44:56 IST" name="fTest" finished-at="2024-03-18T15:45:05 IST" duration-ms="9281" status="PASS">
          <reporter-output>
          </reporter-output>
        </test-method> <!-- fTest -->
        <test-method is-config="true" signature="afterClass()[pri:0, instance:testngxml.KeyboardactionTest@1cf6d1be]" started-at="2024-03-18T15:45:05 IST" name="afterClass" finished-at="2024-03-18T15:45:07 IST" duration-ms="1350" status="PASS">
          <reporter-output>
          </reporter-output>
        </test-method> <!-- afterClass -->
      </class> <!-- testngxml.KeyboardactionTest -->
    </test> <!-- Test -->
  </suite> <!-- Suite -->
</testng-results>
